c:\users\user\desktop\job matching system\jobmatchingdsa\jobmatchingdsa\x64\debug\vc143.pdb
c:\users\user\desktop\job matching system\jobmatchingdsa\jobmatchingdsa\x64\debug\vc143.idb
c:\users\user\desktop\job matching system\jobmatchingdsa\jobmatchingdsa\x64\debug\matchlogic.obj
c:\users\user\desktop\job matching system\jobmatchingdsa\jobmatchingdsa\x64\debug\resumelinkedlist.obj
c:\users\user\desktop\job matching system\jobmatchingdsa\jobmatchingdsa\x64\debug\joblinkedlist.obj
c:\users\user\desktop\job matching system\jobmatchingdsa\jobmatchingdsa\x64\debug\singlecolumncsv.obj
c:\users\user\desktop\job matching system\jobmatchingdsa\jobmatchingdsa\x64\debug\csvreader.obj
c:\users\user\desktop\job matching system\jobmatchingdsa\jobmatchingdsa\x64\debug\resumearray.obj
c:\users\user\desktop\job matching system\jobmatchingdsa\jobmatchingdsa\x64\debug\arraysimilarity.obj
c:\users\user\desktop\job matching system\jobmatchingdsa\jobmatchingdsa\x64\debug\arraysearch.obj
c:\users\user\desktop\job matching system\jobmatchingdsa\jobmatchingdsa\x64\debug\arrayjobs.obj
c:\users\user\desktop\job matching system\jobmatchingdsa\jobmatchingdsa\x64\debug\jobmatchingdsa.obj
c:\users\user\desktop\job matching system\jobmatchingdsa\x64\debug\jobmatchingdsa.exe
c:\users\user\desktop\job matching system\jobmatchingdsa\x64\debug\jobmatchingdsa.pdb
c:\users\user\desktop\job matching system\jobmatchingdsa\jobmatchingdsa\x64\debug\jobmatchingdsa.ilk
c:\users\user\desktop\job matching system\jobmatchingdsa\jobmatchingdsa\x64\debug\jobmatchingdsa.tlog\cl.command.1.tlog
c:\users\user\desktop\job matching system\jobmatchingdsa\jobmatchingdsa\x64\debug\jobmatchingdsa.tlog\cl.items.tlog
c:\users\user\desktop\job matching system\jobmatchingdsa\jobmatchingdsa\x64\debug\jobmatchingdsa.tlog\cl.read.1.tlog
c:\users\user\desktop\job matching system\jobmatchingdsa\jobmatchingdsa\x64\debug\jobmatchingdsa.tlog\cl.write.1.tlog
c:\users\user\desktop\job matching system\jobmatchingdsa\jobmatchingdsa\x64\debug\jobmatchingdsa.tlog\link.command.1.tlog
c:\users\user\desktop\job matching system\jobmatchingdsa\jobmatchingdsa\x64\debug\jobmatchingdsa.tlog\link.read.1.tlog
c:\users\user\desktop\job matching system\jobmatchingdsa\jobmatchingdsa\x64\debug\jobmatchingdsa.tlog\link.secondary.1.tlog
c:\users\user\desktop\job matching system\jobmatchingdsa\jobmatchingdsa\x64\debug\jobmatchingdsa.tlog\link.write.1.tlog
